[2025-12-25T08:59:14.730+0000] {local_task_job_runner.py:123} INFO - ::group::Pre task execution logs
[2025-12-25T08:59:14.740+0000] {taskinstance.py:2613} INFO - Dependencies all met for dep_context=non-requeueable deps ti=<TaskInstance: ml_retrain_pipeline.decide_deploy manual__2025-12-25T08:59:11.328689+00:00 [queued]>
[2025-12-25T08:59:14.745+0000] {taskinstance.py:2613} INFO - Dependencies all met for dep_context=requeueable deps ti=<TaskInstance: ml_retrain_pipeline.decide_deploy manual__2025-12-25T08:59:11.328689+00:00 [queued]>
[2025-12-25T08:59:14.745+0000] {taskinstance.py:2866} INFO - Starting attempt 1 of 1
[2025-12-25T08:59:14.754+0000] {taskinstance.py:2889} INFO - Executing <Task(BranchPythonOperator): decide_deploy> on 2025-12-25 08:59:11.328689+00:00
[2025-12-25T08:59:14.760+0000] {logging_mixin.py:190} WARNING - /home/***/.local/lib/python3.12/site-packages/***/task/task_runner/standard_task_runner.py:70 DeprecationWarning: This process (pid=965) is multi-threaded, use of fork() may lead to deadlocks in the child.
[2025-12-25T08:59:14.762+0000] {standard_task_runner.py:72} INFO - Started process 966 to run task
[2025-12-25T08:59:14.761+0000] {standard_task_runner.py:104} INFO - Running: ['***', 'tasks', 'run', 'ml_retrain_pipeline', 'decide_deploy', 'manual__2025-12-25T08:59:11.328689+00:00', '--job-id', '50', '--raw', '--subdir', 'DAGS_FOLDER/ml_retrain_pipeline.py', '--cfg-path', '/tmp/tmpd3vljt0t']
[2025-12-25T08:59:14.764+0000] {standard_task_runner.py:105} INFO - Job 50: Subtask decide_deploy
[2025-12-25T08:59:14.809+0000] {task_command.py:467} INFO - Running <TaskInstance: ml_retrain_pipeline.decide_deploy manual__2025-12-25T08:59:11.328689+00:00 [running]> on host 12781419c9db
[2025-12-25T08:59:14.866+0000] {taskinstance.py:3132} INFO - Exporting env vars: AIRFLOW_CTX_DAG_OWNER='***' AIRFLOW_CTX_DAG_ID='ml_retrain_pipeline' AIRFLOW_CTX_TASK_ID='decide_deploy' AIRFLOW_CTX_EXECUTION_DATE='2025-12-25T08:59:11.328689+00:00' AIRFLOW_CTX_TRY_NUMBER='1' AIRFLOW_CTX_DAG_RUN_ID='manual__2025-12-25T08:59:11.328689+00:00'
[2025-12-25T08:59:14.867+0000] {taskinstance.py:731} INFO - ::endgroup::
[2025-12-25T08:59:14.875+0000] {baseoperator.py:416} WARNING - BranchPythonOperator.execute cannot be called outside TaskInstance!
[2025-12-25T08:59:14.884+0000] {python.py:240} INFO - Done. Returned value was: deploy_model
[2025-12-25T08:59:14.884+0000] {branch.py:38} INFO - Branch into deploy_model
[2025-12-25T08:59:14.885+0000] {skipmixin.py:230} INFO - Following branch ('deploy_model',)
[2025-12-25T08:59:14.893+0000] {skipmixin.py:278} INFO - Skipping tasks [('skip_deploy', -1)]
[2025-12-25T08:59:14.916+0000] {taskinstance.py:340} INFO - ::group::Post task execution logs
[2025-12-25T08:59:14.917+0000] {taskinstance.py:352} INFO - Marking task as SUCCESS. dag_id=ml_retrain_pipeline, task_id=decide_deploy, run_id=manual__2025-12-25T08:59:11.328689+00:00, execution_date=20251225T085911, start_date=20251225T085914, end_date=20251225T085914
[2025-12-25T08:59:14.943+0000] {local_task_job_runner.py:266} INFO - Task exited with return code 0
[2025-12-25T08:59:14.962+0000] {taskinstance.py:3895} INFO - 1 downstream tasks scheduled from follow-on schedule check
[2025-12-25T08:59:14.965+0000] {local_task_job_runner.py:245} INFO - ::endgroup::
