[2025-12-25T08:58:43.503+0000] {local_task_job_runner.py:123} INFO - ::group::Pre task execution logs
[2025-12-25T08:58:43.516+0000] {taskinstance.py:2613} INFO - Dependencies all met for dep_context=non-requeueable deps ti=<TaskInstance: ml_retrain_pipeline.decide_deploy manual__2025-12-25T08:58:40.922727+00:00 [queued]>
[2025-12-25T08:58:43.521+0000] {taskinstance.py:2613} INFO - Dependencies all met for dep_context=requeueable deps ti=<TaskInstance: ml_retrain_pipeline.decide_deploy manual__2025-12-25T08:58:40.922727+00:00 [queued]>
[2025-12-25T08:58:43.522+0000] {taskinstance.py:2866} INFO - Starting attempt 1 of 1
[2025-12-25T08:58:43.531+0000] {taskinstance.py:2889} INFO - Executing <Task(BranchPythonOperator): decide_deploy> on 2025-12-25 08:58:40.922727+00:00
[2025-12-25T08:58:43.536+0000] {logging_mixin.py:190} WARNING - /home/***/.local/lib/python3.12/site-packages/***/task/task_runner/standard_task_runner.py:70 DeprecationWarning: This process (pid=945) is multi-threaded, use of fork() may lead to deadlocks in the child.
[2025-12-25T08:58:43.537+0000] {standard_task_runner.py:72} INFO - Started process 946 to run task
[2025-12-25T08:58:43.537+0000] {standard_task_runner.py:104} INFO - Running: ['***', 'tasks', 'run', 'ml_retrain_pipeline', 'decide_deploy', 'manual__2025-12-25T08:58:40.922727+00:00', '--job-id', '45', '--raw', '--subdir', 'DAGS_FOLDER/ml_retrain_pipeline.py', '--cfg-path', '/tmp/tmprsktjz85']
[2025-12-25T08:58:43.539+0000] {standard_task_runner.py:105} INFO - Job 45: Subtask decide_deploy
[2025-12-25T08:58:43.586+0000] {task_command.py:467} INFO - Running <TaskInstance: ml_retrain_pipeline.decide_deploy manual__2025-12-25T08:58:40.922727+00:00 [running]> on host 12781419c9db
[2025-12-25T08:58:43.645+0000] {taskinstance.py:3132} INFO - Exporting env vars: AIRFLOW_CTX_DAG_OWNER='***' AIRFLOW_CTX_DAG_ID='ml_retrain_pipeline' AIRFLOW_CTX_TASK_ID='decide_deploy' AIRFLOW_CTX_EXECUTION_DATE='2025-12-25T08:58:40.922727+00:00' AIRFLOW_CTX_TRY_NUMBER='1' AIRFLOW_CTX_DAG_RUN_ID='manual__2025-12-25T08:58:40.922727+00:00'
[2025-12-25T08:58:43.646+0000] {taskinstance.py:731} INFO - ::endgroup::
[2025-12-25T08:58:43.654+0000] {baseoperator.py:416} WARNING - BranchPythonOperator.execute cannot be called outside TaskInstance!
[2025-12-25T08:58:43.662+0000] {python.py:240} INFO - Done. Returned value was: deploy_model
[2025-12-25T08:58:43.663+0000] {branch.py:38} INFO - Branch into deploy_model
[2025-12-25T08:58:43.664+0000] {skipmixin.py:230} INFO - Following branch ('deploy_model',)
[2025-12-25T08:58:43.671+0000] {skipmixin.py:278} INFO - Skipping tasks [('skip_deploy', -1)]
[2025-12-25T08:58:43.699+0000] {taskinstance.py:340} INFO - ::group::Post task execution logs
[2025-12-25T08:58:43.700+0000] {taskinstance.py:352} INFO - Marking task as SUCCESS. dag_id=ml_retrain_pipeline, task_id=decide_deploy, run_id=manual__2025-12-25T08:58:40.922727+00:00, execution_date=20251225T085840, start_date=20251225T085843, end_date=20251225T085843
[2025-12-25T08:58:43.719+0000] {local_task_job_runner.py:266} INFO - Task exited with return code 0
[2025-12-25T08:58:43.739+0000] {taskinstance.py:3895} INFO - 1 downstream tasks scheduled from follow-on schedule check
[2025-12-25T08:58:43.742+0000] {local_task_job_runner.py:245} INFO - ::endgroup::
