[2025-12-25T07:41:06.375+0000] {manager.py:483} INFO - Processing files using up to 2 processes at a time 
[2025-12-25T07:41:06.376+0000] {manager.py:484} INFO - Process each file at most once every 30 seconds
[2025-12-25T07:41:06.376+0000] {manager.py:485} INFO - Checking for new files in /opt/airflow/dags every 300 seconds
[2025-12-25T07:41:06.376+0000] {manager.py:821} INFO - Searching for files in /opt/airflow/dags
[2025-12-25T07:41:06.379+0000] {manager.py:824} INFO - There are 0 files in /opt/airflow/dags
[2025-12-25T07:46:07.103+0000] {manager.py:821} INFO - Searching for files in /opt/airflow/dags
[2025-12-25T07:46:07.109+0000] {manager.py:824} INFO - There are 0 files in /opt/airflow/dags
[2025-12-25T07:51:07.424+0000] {manager.py:821} INFO - Searching for files in /opt/airflow/dags
[2025-12-25T07:51:07.436+0000] {manager.py:824} INFO - There are 0 files in /opt/airflow/dags
[2025-12-25T07:55:06.360+0000] {manager.py:483} INFO - Processing files using up to 2 processes at a time 
[2025-12-25T07:55:06.360+0000] {manager.py:484} INFO - Process each file at most once every 30 seconds
[2025-12-25T07:55:06.361+0000] {manager.py:485} INFO - Checking for new files in /opt/airflow/dags every 300 seconds
[2025-12-25T07:55:06.361+0000] {manager.py:821} INFO - Searching for files in /opt/airflow/dags
[2025-12-25T07:55:06.366+0000] {manager.py:824} INFO - There are 1 files in /opt/airflow/dags
[2025-12-25T07:55:06.416+0000] {manager.py:997} INFO - 
================================================================================
DAG File Processing Stats

File Path                                   PID  Runtime      # DAGs    # Errors  Last Runtime    Last Run      Last # of DB Queries
----------------------------------------  -----  ---------  --------  ----------  --------------  ----------  ----------------------
/opt/airflow/dags/ml_retrain_pipeline.py    179  0.02s             0           0                                                   0
================================================================================
[2025-12-25T07:55:35.898+0000] {manager.py:997} INFO - 
================================================================================
DAG File Processing Stats

File Path                                 PID    Runtime      # DAGs    # Errors  Last Runtime    Last Run               Last # of DB Queries
----------------------------------------  -----  ---------  --------  ----------  --------------  -------------------  ----------------------
/opt/airflow/dags/ml_retrain_pipeline.py                           1           0  0.31s           2025-12-25T07:55:06                      45
================================================================================
[2025-12-25T07:56:05.609+0000] {manager.py:997} INFO - 
================================================================================
DAG File Processing Stats

File Path                                 PID    Runtime      # DAGs    # Errors  Last Runtime    Last Run               Last # of DB Queries
----------------------------------------  -----  ---------  --------  ----------  --------------  -------------------  ----------------------
/opt/airflow/dags/ml_retrain_pipeline.py                           1           0  0.13s           2025-12-25T07:55:37                      12
================================================================================
[2025-12-25T07:56:35.207+0000] {manager.py:997} INFO - 
================================================================================
DAG File Processing Stats

File Path                                 PID    Runtime      # DAGs    # Errors  Last Runtime    Last Run               Last # of DB Queries
----------------------------------------  -----  ---------  --------  ----------  --------------  -------------------  ----------------------
/opt/airflow/dags/ml_retrain_pipeline.py                           1           0  0.14s           2025-12-25T07:56:07                      12
================================================================================
[2025-12-25T07:57:04.925+0000] {manager.py:997} INFO - 
================================================================================
DAG File Processing Stats

File Path                                 PID    Runtime      # DAGs    # Errors  Last Runtime    Last Run               Last # of DB Queries
----------------------------------------  -----  ---------  --------  ----------  --------------  -------------------  ----------------------
/opt/airflow/dags/ml_retrain_pipeline.py                           1           0  0.15s           2025-12-25T07:56:38                      12
================================================================================
[2025-12-25T07:57:34.816+0000] {manager.py:997} INFO - 
================================================================================
DAG File Processing Stats

File Path                                 PID    Runtime      # DAGs    # Errors  Last Runtime    Last Run               Last # of DB Queries
----------------------------------------  -----  ---------  --------  ----------  --------------  -------------------  ----------------------
/opt/airflow/dags/ml_retrain_pipeline.py                           1           0  0.13s           2025-12-25T07:57:09                      12
================================================================================
[2025-12-25T07:58:04.562+0000] {manager.py:997} INFO - 
================================================================================
DAG File Processing Stats

File Path                                 PID    Runtime      # DAGs    # Errors  Last Runtime    Last Run               Last # of DB Queries
----------------------------------------  -----  ---------  --------  ----------  --------------  -------------------  ----------------------
/opt/airflow/dags/ml_retrain_pipeline.py                           1           0  0.13s           2025-12-25T07:57:40                      12
================================================================================
[2025-12-25T07:58:34.510+0000] {manager.py:997} INFO - 
================================================================================
DAG File Processing Stats

File Path                                 PID    Runtime      # DAGs    # Errors  Last Runtime    Last Run               Last # of DB Queries
----------------------------------------  -----  ---------  --------  ----------  --------------  -------------------  ----------------------
/opt/airflow/dags/ml_retrain_pipeline.py                           1           0  0.12s           2025-12-25T07:58:11                      12
================================================================================
[2025-12-25T07:59:04.162+0000] {manager.py:997} INFO - 
================================================================================
DAG File Processing Stats

File Path                                 PID    Runtime      # DAGs    # Errors  Last Runtime    Last Run               Last # of DB Queries
----------------------------------------  -----  ---------  --------  ----------  --------------  -------------------  ----------------------
/opt/airflow/dags/ml_retrain_pipeline.py                           1           0  0.15s           2025-12-25T07:58:42                      12
================================================================================
[2025-12-25T07:59:33.515+0000] {manager.py:997} INFO - 
================================================================================
DAG File Processing Stats

File Path                                 PID    Runtime      # DAGs    # Errors  Last Runtime    Last Run               Last # of DB Queries
----------------------------------------  -----  ---------  --------  ----------  --------------  -------------------  ----------------------
/opt/airflow/dags/ml_retrain_pipeline.py                           1           0  0.09s           2025-12-25T07:59:12                      12
================================================================================
[2025-12-25T08:00:02.633+0000] {manager.py:997} INFO - 
================================================================================
DAG File Processing Stats

File Path                                 PID    Runtime      # DAGs    # Errors  Last Runtime    Last Run               Last # of DB Queries
----------------------------------------  -----  ---------  --------  ----------  --------------  -------------------  ----------------------
/opt/airflow/dags/ml_retrain_pipeline.py                           1           0  0.16s           2025-12-25T07:59:43                      12
================================================================================
[2025-12-25T08:00:06.693+0000] {manager.py:821} INFO - Searching for files in /opt/airflow/dags
[2025-12-25T08:00:06.737+0000] {manager.py:824} INFO - There are 1 files in /opt/airflow/dags
[2025-12-25T08:00:33.116+0000] {manager.py:997} INFO - 
================================================================================
DAG File Processing Stats

File Path                                 PID    Runtime      # DAGs    # Errors  Last Runtime    Last Run               Last # of DB Queries
----------------------------------------  -----  ---------  --------  ----------  --------------  -------------------  ----------------------
/opt/airflow/dags/ml_retrain_pipeline.py                           1           0  0.14s           2025-12-25T08:00:14                      12
================================================================================
[2025-12-25T08:01:02.291+0000] {manager.py:997} INFO - 
================================================================================
DAG File Processing Stats

File Path                                 PID    Runtime      # DAGs    # Errors  Last Runtime    Last Run               Last # of DB Queries
----------------------------------------  -----  ---------  --------  ----------  --------------  -------------------  ----------------------
/opt/airflow/dags/ml_retrain_pipeline.py                           1           0  0.18s           2025-12-25T08:00:44                      12
================================================================================
[2025-12-25T08:01:31.856+0000] {manager.py:997} INFO - 
================================================================================
DAG File Processing Stats

File Path                                 PID    Runtime      # DAGs    # Errors  Last Runtime    Last Run               Last # of DB Queries
----------------------------------------  -----  ---------  --------  ----------  --------------  -------------------  ----------------------
/opt/airflow/dags/ml_retrain_pipeline.py                           1           0  0.13s           2025-12-25T08:01:15                      12
================================================================================
[2025-12-25T08:02:01.506+0000] {manager.py:997} INFO - 
================================================================================
DAG File Processing Stats

File Path                                 PID    Runtime      # DAGs    # Errors  Last Runtime    Last Run               Last # of DB Queries
----------------------------------------  -----  ---------  --------  ----------  --------------  -------------------  ----------------------
/opt/airflow/dags/ml_retrain_pipeline.py                           1           0  0.14s           2025-12-25T08:01:46                      12
================================================================================
[2025-12-25T08:02:31.027+0000] {manager.py:997} INFO - 
================================================================================
DAG File Processing Stats

File Path                                 PID    Runtime      # DAGs    # Errors  Last Runtime    Last Run               Last # of DB Queries
----------------------------------------  -----  ---------  --------  ----------  --------------  -------------------  ----------------------
/opt/airflow/dags/ml_retrain_pipeline.py                           1           0  0.15s           2025-12-25T08:02:16                      12
================================================================================
[2025-12-25T08:03:00.982+0000] {manager.py:997} INFO - 
================================================================================
DAG File Processing Stats

File Path                                 PID    Runtime      # DAGs    # Errors  Last Runtime    Last Run               Last # of DB Queries
----------------------------------------  -----  ---------  --------  ----------  --------------  -------------------  ----------------------
/opt/airflow/dags/ml_retrain_pipeline.py                           1           0  0.14s           2025-12-25T08:02:47                      12
================================================================================
[2025-12-25T08:03:30.458+0000] {manager.py:997} INFO - 
================================================================================
DAG File Processing Stats

File Path                                 PID    Runtime      # DAGs    # Errors  Last Runtime    Last Run               Last # of DB Queries
----------------------------------------  -----  ---------  --------  ----------  --------------  -------------------  ----------------------
/opt/airflow/dags/ml_retrain_pipeline.py                           1           0  0.12s           2025-12-25T08:03:18                      12
================================================================================
[2025-12-25T08:04:00.163+0000] {manager.py:997} INFO - 
================================================================================
DAG File Processing Stats

File Path                                 PID    Runtime      # DAGs    # Errors  Last Runtime    Last Run               Last # of DB Queries
----------------------------------------  -----  ---------  --------  ----------  --------------  -------------------  ----------------------
/opt/airflow/dags/ml_retrain_pipeline.py                           1           0  0.14s           2025-12-25T08:03:48                      12
================================================================================
[2025-12-25T08:04:29.704+0000] {manager.py:997} INFO - 
================================================================================
DAG File Processing Stats

File Path                                 PID    Runtime      # DAGs    # Errors  Last Runtime    Last Run               Last # of DB Queries
----------------------------------------  -----  ---------  --------  ----------  --------------  -------------------  ----------------------
/opt/airflow/dags/ml_retrain_pipeline.py                           1           0  0.16s           2025-12-25T08:04:19                      12
================================================================================
[2025-12-25T08:04:59.349+0000] {manager.py:997} INFO - 
================================================================================
DAG File Processing Stats

File Path                                 PID    Runtime      # DAGs    # Errors  Last Runtime    Last Run               Last # of DB Queries
----------------------------------------  -----  ---------  --------  ----------  --------------  -------------------  ----------------------
/opt/airflow/dags/ml_retrain_pipeline.py                           1           0  0.13s           2025-12-25T08:04:50                      12
================================================================================
[2025-12-25T08:05:07.466+0000] {manager.py:821} INFO - Searching for files in /opt/airflow/dags
[2025-12-25T08:05:07.505+0000] {manager.py:824} INFO - There are 1 files in /opt/airflow/dags
[2025-12-25T08:05:29.186+0000] {manager.py:997} INFO - 
================================================================================
DAG File Processing Stats

File Path                                 PID    Runtime      # DAGs    # Errors  Last Runtime    Last Run               Last # of DB Queries
----------------------------------------  -----  ---------  --------  ----------  --------------  -------------------  ----------------------
/opt/airflow/dags/ml_retrain_pipeline.py                           1           0  0.14s           2025-12-25T08:05:20                      12
================================================================================
[2025-12-25T08:05:58.629+0000] {manager.py:997} INFO - 
================================================================================
DAG File Processing Stats

File Path                                 PID    Runtime      # DAGs    # Errors  Last Runtime    Last Run               Last # of DB Queries
----------------------------------------  -----  ---------  --------  ----------  --------------  -------------------  ----------------------
/opt/airflow/dags/ml_retrain_pipeline.py                           1           0  0.09s           2025-12-25T08:05:51                      12
================================================================================
[2025-12-25T08:06:28.278+0000] {manager.py:997} INFO - 
================================================================================
DAG File Processing Stats

File Path                                 PID    Runtime      # DAGs    # Errors  Last Runtime    Last Run               Last # of DB Queries
----------------------------------------  -----  ---------  --------  ----------  --------------  -------------------  ----------------------
/opt/airflow/dags/ml_retrain_pipeline.py                           1           0  0.13s           2025-12-25T08:06:22                      12
================================================================================
[2025-12-25T08:06:57.726+0000] {manager.py:997} INFO - 
================================================================================
DAG File Processing Stats

File Path                                 PID    Runtime      # DAGs    # Errors  Last Runtime    Last Run               Last # of DB Queries
----------------------------------------  -----  ---------  --------  ----------  --------------  -------------------  ----------------------
/opt/airflow/dags/ml_retrain_pipeline.py                           1           0  0.14s           2025-12-25T08:06:52                      12
================================================================================
[2025-12-25T08:07:27.338+0000] {manager.py:997} INFO - 
================================================================================
DAG File Processing Stats

File Path                                 PID    Runtime      # DAGs    # Errors  Last Runtime    Last Run               Last # of DB Queries
----------------------------------------  -----  ---------  --------  ----------  --------------  -------------------  ----------------------
/opt/airflow/dags/ml_retrain_pipeline.py                           1           0  0.14s           2025-12-25T08:07:23                      12
================================================================================
[2025-12-25T08:07:56.950+0000] {manager.py:997} INFO - 
================================================================================
DAG File Processing Stats

File Path                                 PID    Runtime      # DAGs    # Errors  Last Runtime    Last Run               Last # of DB Queries
----------------------------------------  -----  ---------  --------  ----------  --------------  -------------------  ----------------------
/opt/airflow/dags/ml_retrain_pipeline.py                           1           0  0.14s           2025-12-25T08:07:54                      12
================================================================================
[2025-12-25T08:08:26.578+0000] {manager.py:997} INFO - 
================================================================================
DAG File Processing Stats

File Path                                 PID    Runtime      # DAGs    # Errors  Last Runtime    Last Run               Last # of DB Queries
----------------------------------------  -----  ---------  --------  ----------  --------------  -------------------  ----------------------
/opt/airflow/dags/ml_retrain_pipeline.py                           1           0  0.14s           2025-12-25T08:08:24                      12
================================================================================
[2025-12-25T08:08:56.327+0000] {manager.py:997} INFO - 
================================================================================
DAG File Processing Stats

File Path                                 PID    Runtime      # DAGs    # Errors  Last Runtime    Last Run               Last # of DB Queries
----------------------------------------  -----  ---------  --------  ----------  --------------  -------------------  ----------------------
/opt/airflow/dags/ml_retrain_pipeline.py                           1           0  0.13s           2025-12-25T08:08:55                      12
================================================================================
[2025-12-25T08:09:25.979+0000] {manager.py:997} INFO - 
================================================================================
DAG File Processing Stats

File Path                                   PID  Runtime      # DAGs    # Errors  Last Runtime    Last Run               Last # of DB Queries
----------------------------------------  -----  ---------  --------  ----------  --------------  -------------------  ----------------------
/opt/airflow/dags/ml_retrain_pipeline.py    319  0.00s             1           0  0.13s           2025-12-25T08:08:55                      12
================================================================================
[2025-12-25T08:09:55.622+0000] {manager.py:997} INFO - 
================================================================================
DAG File Processing Stats

File Path                                 PID    Runtime      # DAGs    # Errors  Last Runtime    Last Run               Last # of DB Queries
----------------------------------------  -----  ---------  --------  ----------  --------------  -------------------  ----------------------
/opt/airflow/dags/ml_retrain_pipeline.py                           1           0  0.12s           2025-12-25T08:09:26                      12
================================================================================
[2025-12-25T08:10:07.868+0000] {manager.py:821} INFO - Searching for files in /opt/airflow/dags
[2025-12-25T08:10:07.924+0000] {manager.py:824} INFO - There are 1 files in /opt/airflow/dags
[2025-12-25T08:10:25.264+0000] {manager.py:997} INFO - 
================================================================================
DAG File Processing Stats

File Path                                 PID    Runtime      # DAGs    # Errors  Last Runtime    Last Run               Last # of DB Queries
----------------------------------------  -----  ---------  --------  ----------  --------------  -------------------  ----------------------
/opt/airflow/dags/ml_retrain_pipeline.py                           1           0  0.14s           2025-12-25T08:09:56                      12
================================================================================
[2025-12-25T08:10:54.930+0000] {manager.py:997} INFO - 
================================================================================
DAG File Processing Stats

File Path                                 PID    Runtime      # DAGs    # Errors  Last Runtime    Last Run               Last # of DB Queries
----------------------------------------  -----  ---------  --------  ----------  --------------  -------------------  ----------------------
/opt/airflow/dags/ml_retrain_pipeline.py                           1           0  0.14s           2025-12-25T08:10:27                      12
================================================================================
[2025-12-25T08:11:24.556+0000] {manager.py:997} INFO - 
================================================================================
DAG File Processing Stats

File Path                                 PID    Runtime      # DAGs    # Errors  Last Runtime    Last Run               Last # of DB Queries
----------------------------------------  -----  ---------  --------  ----------  --------------  -------------------  ----------------------
/opt/airflow/dags/ml_retrain_pipeline.py                           1           0  0.13s           2025-12-25T08:10:58                      12
================================================================================
[2025-12-25T08:11:54.678+0000] {manager.py:997} INFO - 
================================================================================
DAG File Processing Stats

File Path                                 PID    Runtime      # DAGs    # Errors  Last Runtime    Last Run               Last # of DB Queries
----------------------------------------  -----  ---------  --------  ----------  --------------  -------------------  ----------------------
/opt/airflow/dags/ml_retrain_pipeline.py                           1           0  0.13s           2025-12-25T08:11:28                      12
================================================================================
[2025-12-25T08:12:23.734+0000] {manager.py:997} INFO - 
================================================================================
DAG File Processing Stats

File Path                                 PID    Runtime      # DAGs    # Errors  Last Runtime    Last Run               Last # of DB Queries
----------------------------------------  -----  ---------  --------  ----------  --------------  -------------------  ----------------------
/opt/airflow/dags/ml_retrain_pipeline.py                           1           0  0.13s           2025-12-25T08:11:59                      12
================================================================================
[2025-12-25T08:12:53.621+0000] {manager.py:997} INFO - 
================================================================================
DAG File Processing Stats

File Path                                 PID    Runtime      # DAGs    # Errors  Last Runtime    Last Run               Last # of DB Queries
----------------------------------------  -----  ---------  --------  ----------  --------------  -------------------  ----------------------
/opt/airflow/dags/ml_retrain_pipeline.py                           1           0  0.15s           2025-12-25T08:12:31                      12
================================================================================
[2025-12-25T08:13:23.148+0000] {manager.py:997} INFO - 
================================================================================
DAG File Processing Stats

File Path                                 PID    Runtime      # DAGs    # Errors  Last Runtime    Last Run               Last # of DB Queries
----------------------------------------  -----  ---------  --------  ----------  --------------  -------------------  ----------------------
/opt/airflow/dags/ml_retrain_pipeline.py                           1           0  0.26s           2025-12-25T08:13:02                      12
================================================================================
[2025-12-25T08:13:53.110+0000] {manager.py:997} INFO - 
================================================================================
DAG File Processing Stats

File Path                                 PID    Runtime      # DAGs    # Errors  Last Runtime    Last Run               Last # of DB Queries
----------------------------------------  -----  ---------  --------  ----------  --------------  -------------------  ----------------------
/opt/airflow/dags/ml_retrain_pipeline.py                           1           0  0.20s           2025-12-25T08:13:32                      12
================================================================================
[2025-12-25T08:14:22.881+0000] {manager.py:997} INFO - 
================================================================================
DAG File Processing Stats

File Path                                 PID    Runtime      # DAGs    # Errors  Last Runtime    Last Run               Last # of DB Queries
----------------------------------------  -----  ---------  --------  ----------  --------------  -------------------  ----------------------
/opt/airflow/dags/ml_retrain_pipeline.py                           1           0  0.18s           2025-12-25T08:14:03                      12
================================================================================
[2025-12-25T08:14:52.630+0000] {manager.py:997} INFO - 
================================================================================
DAG File Processing Stats

File Path                                 PID    Runtime      # DAGs    # Errors  Last Runtime    Last Run               Last # of DB Queries
----------------------------------------  -----  ---------  --------  ----------  --------------  -------------------  ----------------------
/opt/airflow/dags/ml_retrain_pipeline.py                           1           0  0.15s           2025-12-25T08:14:34                      12
================================================================================
[2025-12-25T08:15:08.112+0000] {manager.py:821} INFO - Searching for files in /opt/airflow/dags
[2025-12-25T08:15:08.185+0000] {manager.py:824} INFO - There are 1 files in /opt/airflow/dags
[2025-12-25T08:15:22.508+0000] {manager.py:997} INFO - 
================================================================================
DAG File Processing Stats

File Path                                 PID    Runtime      # DAGs    # Errors  Last Runtime    Last Run               Last # of DB Queries
----------------------------------------  -----  ---------  --------  ----------  --------------  -------------------  ----------------------
/opt/airflow/dags/ml_retrain_pipeline.py                           1           0  0.11s           2025-12-25T08:15:05                      12
================================================================================
[2025-12-25T08:15:51.993+0000] {manager.py:997} INFO - 
================================================================================
DAG File Processing Stats

File Path                                 PID    Runtime      # DAGs    # Errors  Last Runtime    Last Run               Last # of DB Queries
----------------------------------------  -----  ---------  --------  ----------  --------------  -------------------  ----------------------
/opt/airflow/dags/ml_retrain_pipeline.py                           1           0  0.34s           2025-12-25T08:15:36                      12
================================================================================
[2025-12-25T08:16:21.983+0000] {manager.py:997} INFO - 
================================================================================
DAG File Processing Stats

File Path                                 PID    Runtime      # DAGs    # Errors  Last Runtime    Last Run               Last # of DB Queries
----------------------------------------  -----  ---------  --------  ----------  --------------  -------------------  ----------------------
/opt/airflow/dags/ml_retrain_pipeline.py                           1           0  0.20s           2025-12-25T08:16:06                      12
================================================================================
[2025-12-25T08:16:51.752+0000] {manager.py:997} INFO - 
================================================================================
DAG File Processing Stats

File Path                                 PID    Runtime      # DAGs    # Errors  Last Runtime    Last Run               Last # of DB Queries
----------------------------------------  -----  ---------  --------  ----------  --------------  -------------------  ----------------------
/opt/airflow/dags/ml_retrain_pipeline.py                           1           0  0.29s           2025-12-25T08:16:37                      12
================================================================================
[2025-12-25T08:17:21.463+0000] {manager.py:997} INFO - 
================================================================================
DAG File Processing Stats

File Path                                 PID    Runtime      # DAGs    # Errors  Last Runtime    Last Run               Last # of DB Queries
----------------------------------------  -----  ---------  --------  ----------  --------------  -------------------  ----------------------
/opt/airflow/dags/ml_retrain_pipeline.py                           1           0  0.16s           2025-12-25T08:17:08                      12
================================================================================
[2025-12-25T08:17:51.485+0000] {manager.py:997} INFO - 
================================================================================
DAG File Processing Stats

File Path                                 PID    Runtime      # DAGs    # Errors  Last Runtime    Last Run               Last # of DB Queries
----------------------------------------  -----  ---------  --------  ----------  --------------  -------------------  ----------------------
/opt/airflow/dags/ml_retrain_pipeline.py                           1           0  0.20s           2025-12-25T08:17:39                      12
================================================================================
[2025-12-25T08:18:21.058+0000] {manager.py:997} INFO - 
================================================================================
DAG File Processing Stats

File Path                                 PID    Runtime      # DAGs    # Errors  Last Runtime    Last Run               Last # of DB Queries
----------------------------------------  -----  ---------  --------  ----------  --------------  -------------------  ----------------------
/opt/airflow/dags/ml_retrain_pipeline.py                           1           0  0.17s           2025-12-25T08:18:09                      12
================================================================================
[2025-12-25T08:18:50.662+0000] {manager.py:997} INFO - 
================================================================================
DAG File Processing Stats

File Path                                 PID    Runtime      # DAGs    # Errors  Last Runtime    Last Run               Last # of DB Queries
----------------------------------------  -----  ---------  --------  ----------  --------------  -------------------  ----------------------
/opt/airflow/dags/ml_retrain_pipeline.py                           1           0  0.19s           2025-12-25T08:18:40                      12
================================================================================
[2025-12-25T08:19:20.974+0000] {manager.py:997} INFO - 
================================================================================
DAG File Processing Stats

File Path                                 PID    Runtime      # DAGs    # Errors  Last Runtime    Last Run               Last # of DB Queries
----------------------------------------  -----  ---------  --------  ----------  --------------  -------------------  ----------------------
/opt/airflow/dags/ml_retrain_pipeline.py                           1           0  0.14s           2025-12-25T08:19:10                      12
================================================================================
[2025-12-25T08:19:50.163+0000] {manager.py:997} INFO - 
================================================================================
DAG File Processing Stats

File Path                                 PID    Runtime      # DAGs    # Errors  Last Runtime    Last Run               Last # of DB Queries
----------------------------------------  -----  ---------  --------  ----------  --------------  -------------------  ----------------------
/opt/airflow/dags/ml_retrain_pipeline.py                           1           0  0.14s           2025-12-25T08:19:41                      12
================================================================================
[2025-12-25T08:20:08.459+0000] {manager.py:821} INFO - Searching for files in /opt/airflow/dags
[2025-12-25T08:20:08.516+0000] {manager.py:824} INFO - There are 1 files in /opt/airflow/dags
[2025-12-25T08:20:19.801+0000] {manager.py:997} INFO - 
================================================================================
DAG File Processing Stats

File Path                                 PID    Runtime      # DAGs    # Errors  Last Runtime    Last Run               Last # of DB Queries
----------------------------------------  -----  ---------  --------  ----------  --------------  -------------------  ----------------------
/opt/airflow/dags/ml_retrain_pipeline.py                           1           0  0.16s           2025-12-25T08:20:11                      12
================================================================================
[2025-12-25T08:20:49.421+0000] {manager.py:997} INFO - 
================================================================================
DAG File Processing Stats

File Path                                 PID    Runtime      # DAGs    # Errors  Last Runtime    Last Run               Last # of DB Queries
----------------------------------------  -----  ---------  --------  ----------  --------------  -------------------  ----------------------
/opt/airflow/dags/ml_retrain_pipeline.py                           1           0  0.13s           2025-12-25T08:20:42                      12
================================================================================
[2025-12-25T08:21:19.136+0000] {manager.py:997} INFO - 
================================================================================
DAG File Processing Stats

File Path                                 PID    Runtime      # DAGs    # Errors  Last Runtime    Last Run               Last # of DB Queries
----------------------------------------  -----  ---------  --------  ----------  --------------  -------------------  ----------------------
/opt/airflow/dags/ml_retrain_pipeline.py                           1           0  0.14s           2025-12-25T08:21:13                      12
================================================================================
[2025-12-25T08:21:48.473+0000] {manager.py:997} INFO - 
================================================================================
DAG File Processing Stats

File Path                                 PID    Runtime      # DAGs    # Errors  Last Runtime    Last Run               Last # of DB Queries
----------------------------------------  -----  ---------  --------  ----------  --------------  -------------------  ----------------------
/opt/airflow/dags/ml_retrain_pipeline.py                           1           0  0.11s           2025-12-25T08:21:43                      12
================================================================================
[2025-12-25T08:22:18.038+0000] {manager.py:997} INFO - 
================================================================================
DAG File Processing Stats

File Path                                 PID    Runtime      # DAGs    # Errors  Last Runtime    Last Run               Last # of DB Queries
----------------------------------------  -----  ---------  --------  ----------  --------------  -------------------  ----------------------
/opt/airflow/dags/ml_retrain_pipeline.py                           1           0  0.08s           2025-12-25T08:22:14                      12
================================================================================
[2025-12-25T08:22:48.146+0000] {manager.py:997} INFO - 
================================================================================
DAG File Processing Stats

File Path                                 PID    Runtime      # DAGs    # Errors  Last Runtime    Last Run               Last # of DB Queries
----------------------------------------  -----  ---------  --------  ----------  --------------  -------------------  ----------------------
/opt/airflow/dags/ml_retrain_pipeline.py                           1           0  0.14s           2025-12-25T08:22:45                      12
================================================================================
[2025-12-25T08:23:17.468+0000] {manager.py:997} INFO - 
================================================================================
DAG File Processing Stats

File Path                                 PID    Runtime      # DAGs    # Errors  Last Runtime    Last Run               Last # of DB Queries
----------------------------------------  -----  ---------  --------  ----------  --------------  -------------------  ----------------------
/opt/airflow/dags/ml_retrain_pipeline.py                           1           0  0.15s           2025-12-25T08:23:15                      12
================================================================================
[2025-12-25T08:23:47.142+0000] {manager.py:997} INFO - 
================================================================================
DAG File Processing Stats

File Path                                 PID    Runtime      # DAGs    # Errors  Last Runtime    Last Run               Last # of DB Queries
----------------------------------------  -----  ---------  --------  ----------  --------------  -------------------  ----------------------
/opt/airflow/dags/ml_retrain_pipeline.py                           1           0  0.12s           2025-12-25T08:23:46                      12
================================================================================
[2025-12-25T08:24:16.560+0000] {manager.py:997} INFO - 
================================================================================
DAG File Processing Stats

File Path                                   PID  Runtime      # DAGs    # Errors  Last Runtime    Last Run               Last # of DB Queries
----------------------------------------  -----  ---------  --------  ----------  --------------  -------------------  ----------------------
/opt/airflow/dags/ml_retrain_pipeline.py    584  0.00s             1           0  0.12s           2025-12-25T08:23:46                      12
================================================================================
[2025-12-25T08:24:45.665+0000] {manager.py:997} INFO - 
================================================================================
DAG File Processing Stats

File Path                                 PID    Runtime      # DAGs    # Errors  Last Runtime    Last Run               Last # of DB Queries
----------------------------------------  -----  ---------  --------  ----------  --------------  -------------------  ----------------------
/opt/airflow/dags/ml_retrain_pipeline.py                           1           0  0.12s           2025-12-25T08:24:16                      12
================================================================================
[2025-12-25T08:25:09.151+0000] {manager.py:821} INFO - Searching for files in /opt/airflow/dags
[2025-12-25T08:25:09.194+0000] {manager.py:824} INFO - There are 1 files in /opt/airflow/dags
[2025-12-25T08:25:15.372+0000] {manager.py:997} INFO - 
================================================================================
DAG File Processing Stats

File Path                                 PID    Runtime      # DAGs    # Errors  Last Runtime    Last Run               Last # of DB Queries
----------------------------------------  -----  ---------  --------  ----------  --------------  -------------------  ----------------------
/opt/airflow/dags/ml_retrain_pipeline.py                           1           0  0.14s           2025-12-25T08:24:46                      12
================================================================================
[2025-12-25T08:25:45.219+0000] {manager.py:997} INFO - 
================================================================================
DAG File Processing Stats

File Path                                 PID    Runtime      # DAGs    # Errors  Last Runtime    Last Run               Last # of DB Queries
----------------------------------------  -----  ---------  --------  ----------  --------------  -------------------  ----------------------
/opt/airflow/dags/ml_retrain_pipeline.py                           1           0  0.16s           2025-12-25T08:25:17                      12
================================================================================
[2025-12-25T08:26:14.930+0000] {manager.py:997} INFO - 
================================================================================
DAG File Processing Stats

File Path                                 PID    Runtime      # DAGs    # Errors  Last Runtime    Last Run               Last # of DB Queries
----------------------------------------  -----  ---------  --------  ----------  --------------  -------------------  ----------------------
/opt/airflow/dags/ml_retrain_pipeline.py                           1           0  0.17s           2025-12-25T08:25:48                      12
================================================================================
[2025-12-25T08:26:44.691+0000] {manager.py:997} INFO - 
================================================================================
DAG File Processing Stats

File Path                                 PID    Runtime      # DAGs    # Errors  Last Runtime    Last Run               Last # of DB Queries
----------------------------------------  -----  ---------  --------  ----------  --------------  -------------------  ----------------------
/opt/airflow/dags/ml_retrain_pipeline.py                           1           0  0.16s           2025-12-25T08:26:19                      12
================================================================================
[2025-12-25T08:27:14.335+0000] {manager.py:997} INFO - 
================================================================================
DAG File Processing Stats

File Path                                 PID    Runtime      # DAGs    # Errors  Last Runtime    Last Run               Last # of DB Queries
----------------------------------------  -----  ---------  --------  ----------  --------------  -------------------  ----------------------
/opt/airflow/dags/ml_retrain_pipeline.py                           1           0  0.19s           2025-12-25T08:26:50                      12
================================================================================
[2025-12-25T08:27:43.783+0000] {manager.py:997} INFO - 
================================================================================
DAG File Processing Stats

File Path                                 PID    Runtime      # DAGs    # Errors  Last Runtime    Last Run               Last # of DB Queries
----------------------------------------  -----  ---------  --------  ----------  --------------  -------------------  ----------------------
/opt/airflow/dags/ml_retrain_pipeline.py                           1           0  0.13s           2025-12-25T08:27:20                      12
================================================================================
[2025-12-25T08:28:13.456+0000] {manager.py:997} INFO - 
================================================================================
DAG File Processing Stats

File Path                                 PID    Runtime      # DAGs    # Errors  Last Runtime    Last Run               Last # of DB Queries
----------------------------------------  -----  ---------  --------  ----------  --------------  -------------------  ----------------------
/opt/airflow/dags/ml_retrain_pipeline.py                           1           0  0.12s           2025-12-25T08:27:58                      12
================================================================================
[2025-12-25T08:28:43.196+0000] {manager.py:997} INFO - 
================================================================================
DAG File Processing Stats

File Path                                 PID    Runtime      # DAGs    # Errors  Last Runtime    Last Run               Last # of DB Queries
----------------------------------------  -----  ---------  --------  ----------  --------------  -------------------  ----------------------
/opt/airflow/dags/ml_retrain_pipeline.py                           1           0  0.16s           2025-12-25T08:28:28                      12
================================================================================
[2025-12-25T08:29:12.942+0000] {manager.py:997} INFO - 
================================================================================
DAG File Processing Stats

File Path                                 PID    Runtime      # DAGs    # Errors  Last Runtime    Last Run               Last # of DB Queries
----------------------------------------  -----  ---------  --------  ----------  --------------  -------------------  ----------------------
/opt/airflow/dags/ml_retrain_pipeline.py                           1           0  0.12s           2025-12-25T08:28:59                      12
================================================================================
[2025-12-25T08:29:42.660+0000] {manager.py:997} INFO - 
================================================================================
DAG File Processing Stats

File Path                                 PID    Runtime      # DAGs    # Errors  Last Runtime    Last Run               Last # of DB Queries
----------------------------------------  -----  ---------  --------  ----------  --------------  -------------------  ----------------------
/opt/airflow/dags/ml_retrain_pipeline.py                           1           0  0.18s           2025-12-25T08:29:30                      12
================================================================================
[2025-12-25T08:30:09.222+0000] {manager.py:821} INFO - Searching for files in /opt/airflow/dags
[2025-12-25T08:30:09.268+0000] {manager.py:824} INFO - There are 1 files in /opt/airflow/dags
[2025-12-25T08:30:12.335+0000] {manager.py:997} INFO - 
================================================================================
DAG File Processing Stats

File Path                                 PID    Runtime      # DAGs    # Errors  Last Runtime    Last Run               Last # of DB Queries
----------------------------------------  -----  ---------  --------  ----------  --------------  -------------------  ----------------------
/opt/airflow/dags/ml_retrain_pipeline.py                           1           0  0.15s           2025-12-25T08:30:01                      12
================================================================================
[2025-12-25T08:30:41.961+0000] {manager.py:997} INFO - 
================================================================================
DAG File Processing Stats

File Path                                 PID    Runtime      # DAGs    # Errors  Last Runtime    Last Run               Last # of DB Queries
----------------------------------------  -----  ---------  --------  ----------  --------------  -------------------  ----------------------
/opt/airflow/dags/ml_retrain_pipeline.py                           1           0  0.13s           2025-12-25T08:30:31                      12
================================================================================
[2025-12-25T08:31:11.894+0000] {manager.py:997} INFO - 
================================================================================
DAG File Processing Stats

File Path                                 PID    Runtime      # DAGs    # Errors  Last Runtime    Last Run               Last # of DB Queries
----------------------------------------  -----  ---------  --------  ----------  --------------  -------------------  ----------------------
/opt/airflow/dags/ml_retrain_pipeline.py                           1           0  0.14s           2025-12-25T08:31:02                      12
================================================================================
[2025-12-25T08:31:41.495+0000] {manager.py:997} INFO - 
================================================================================
DAG File Processing Stats

File Path                                 PID    Runtime      # DAGs    # Errors  Last Runtime    Last Run               Last # of DB Queries
----------------------------------------  -----  ---------  --------  ----------  --------------  -------------------  ----------------------
/opt/airflow/dags/ml_retrain_pipeline.py                           1           0  0.16s           2025-12-25T08:31:33                      12
================================================================================
[2025-12-25T08:32:11.008+0000] {manager.py:997} INFO - 
================================================================================
DAG File Processing Stats

File Path                                 PID    Runtime      # DAGs    # Errors  Last Runtime    Last Run               Last # of DB Queries
----------------------------------------  -----  ---------  --------  ----------  --------------  -------------------  ----------------------
/opt/airflow/dags/ml_retrain_pipeline.py                           1           0  0.14s           2025-12-25T08:32:04                      12
================================================================================
[2025-12-25T08:32:40.631+0000] {manager.py:997} INFO - 
================================================================================
DAG File Processing Stats

File Path                                 PID    Runtime      # DAGs    # Errors  Last Runtime    Last Run               Last # of DB Queries
----------------------------------------  -----  ---------  --------  ----------  --------------  -------------------  ----------------------
/opt/airflow/dags/ml_retrain_pipeline.py                           1           0  0.15s           2025-12-25T08:32:34                      12
================================================================================
[2025-12-25T08:33:10.270+0000] {manager.py:997} INFO - 
================================================================================
DAG File Processing Stats

File Path                                 PID    Runtime      # DAGs    # Errors  Last Runtime    Last Run               Last # of DB Queries
----------------------------------------  -----  ---------  --------  ----------  --------------  -------------------  ----------------------
/opt/airflow/dags/ml_retrain_pipeline.py                           1           0  0.17s           2025-12-25T08:33:05                      12
================================================================================
[2025-12-25T08:33:39.935+0000] {manager.py:997} INFO - 
================================================================================
DAG File Processing Stats

File Path                                 PID    Runtime      # DAGs    # Errors  Last Runtime    Last Run               Last # of DB Queries
----------------------------------------  -----  ---------  --------  ----------  --------------  -------------------  ----------------------
/opt/airflow/dags/ml_retrain_pipeline.py                           1           0  0.16s           2025-12-25T08:33:36                      12
================================================================================
[2025-12-25T08:34:10.223+0000] {manager.py:997} INFO - 
================================================================================
DAG File Processing Stats

File Path                                 PID    Runtime      # DAGs    # Errors  Last Runtime    Last Run               Last # of DB Queries
----------------------------------------  -----  ---------  --------  ----------  --------------  -------------------  ----------------------
/opt/airflow/dags/ml_retrain_pipeline.py                           1           0  0.16s           2025-12-25T08:34:06                      12
================================================================================
[2025-12-25T08:34:39.192+0000] {manager.py:997} INFO - 
================================================================================
DAG File Processing Stats

File Path                                 PID    Runtime      # DAGs    # Errors  Last Runtime    Last Run               Last # of DB Queries
----------------------------------------  -----  ---------  --------  ----------  --------------  -------------------  ----------------------
/opt/airflow/dags/ml_retrain_pipeline.py                           1           0  0.16s           2025-12-25T08:34:37                      12
================================================================================
[2025-12-25T08:35:08.609+0000] {manager.py:997} INFO - 
================================================================================
DAG File Processing Stats

File Path                                 PID    Runtime      # DAGs    # Errors  Last Runtime    Last Run               Last # of DB Queries
----------------------------------------  -----  ---------  --------  ----------  --------------  -------------------  ----------------------
/opt/airflow/dags/ml_retrain_pipeline.py                           1           0  0.12s           2025-12-25T08:35:07                      12
================================================================================
[2025-12-25T08:35:09.617+0000] {manager.py:821} INFO - Searching for files in /opt/airflow/dags
[2025-12-25T08:35:09.656+0000] {manager.py:824} INFO - There are 1 files in /opt/airflow/dags
[2025-12-25T08:35:38.178+0000] {manager.py:997} INFO - 
================================================================================
DAG File Processing Stats

File Path                                   PID  Runtime      # DAGs    # Errors  Last Runtime    Last Run               Last # of DB Queries
----------------------------------------  -----  ---------  --------  ----------  --------------  -------------------  ----------------------
/opt/airflow/dags/ml_retrain_pipeline.py    704  0.00s             1           0  0.12s           2025-12-25T08:35:07                      12
================================================================================
[2025-12-25T08:36:07.233+0000] {manager.py:997} INFO - 
================================================================================
DAG File Processing Stats

File Path                                 PID    Runtime      # DAGs    # Errors  Last Runtime    Last Run               Last # of DB Queries
----------------------------------------  -----  ---------  --------  ----------  --------------  -------------------  ----------------------
/opt/airflow/dags/ml_retrain_pipeline.py                           1           0  0.19s           2025-12-25T08:35:38                      12
================================================================================
[2025-12-25T08:36:37.297+0000] {manager.py:997} INFO - 
================================================================================
DAG File Processing Stats

File Path                                 PID    Runtime      # DAGs    # Errors  Last Runtime    Last Run               Last # of DB Queries
----------------------------------------  -----  ---------  --------  ----------  --------------  -------------------  ----------------------
/opt/airflow/dags/ml_retrain_pipeline.py                           1           0  0.13s           2025-12-25T08:36:09                      12
================================================================================
[2025-12-25T08:37:07.040+0000] {manager.py:997} INFO - 
================================================================================
DAG File Processing Stats

File Path                                 PID    Runtime      # DAGs    # Errors  Last Runtime    Last Run               Last # of DB Queries
----------------------------------------  -----  ---------  --------  ----------  --------------  -------------------  ----------------------
/opt/airflow/dags/ml_retrain_pipeline.py                           1           0  0.25s           2025-12-25T08:36:40                      12
================================================================================
[2025-12-25T08:37:36.704+0000] {manager.py:997} INFO - 
================================================================================
DAG File Processing Stats

File Path                                 PID    Runtime      # DAGs    # Errors  Last Runtime    Last Run               Last # of DB Queries
----------------------------------------  -----  ---------  --------  ----------  --------------  -------------------  ----------------------
/opt/airflow/dags/ml_retrain_pipeline.py                           1           0  0.13s           2025-12-25T08:37:11                      12
================================================================================
[2025-12-25T08:38:06.173+0000] {manager.py:997} INFO - 
================================================================================
DAG File Processing Stats

File Path                                 PID    Runtime      # DAGs    # Errors  Last Runtime    Last Run               Last # of DB Queries
----------------------------------------  -----  ---------  --------  ----------  --------------  -------------------  ----------------------
/opt/airflow/dags/ml_retrain_pipeline.py                           1           0  0.13s           2025-12-25T08:37:41                      12
================================================================================
[2025-12-25T08:38:35.680+0000] {manager.py:997} INFO - 
================================================================================
DAG File Processing Stats

File Path                                 PID    Runtime      # DAGs    # Errors  Last Runtime    Last Run               Last # of DB Queries
----------------------------------------  -----  ---------  --------  ----------  --------------  -------------------  ----------------------
/opt/airflow/dags/ml_retrain_pipeline.py                           1           0  0.12s           2025-12-25T08:38:12                      12
================================================================================
[2025-12-25T08:39:05.353+0000] {manager.py:997} INFO - 
================================================================================
DAG File Processing Stats

File Path                                 PID    Runtime      # DAGs    # Errors  Last Runtime    Last Run               Last # of DB Queries
----------------------------------------  -----  ---------  --------  ----------  --------------  -------------------  ----------------------
/opt/airflow/dags/ml_retrain_pipeline.py                           1           0  0.14s           2025-12-25T08:38:42                      12
================================================================================
[2025-12-25T08:39:34.823+0000] {manager.py:997} INFO - 
================================================================================
DAG File Processing Stats

File Path                                 PID    Runtime      # DAGs    # Errors  Last Runtime    Last Run               Last # of DB Queries
----------------------------------------  -----  ---------  --------  ----------  --------------  -------------------  ----------------------
/opt/airflow/dags/ml_retrain_pipeline.py                           1           0  0.13s           2025-12-25T08:39:13                      12
================================================================================
[2025-12-25T08:40:04.414+0000] {manager.py:997} INFO - 
================================================================================
DAG File Processing Stats

File Path                                 PID    Runtime      # DAGs    # Errors  Last Runtime    Last Run               Last # of DB Queries
----------------------------------------  -----  ---------  --------  ----------  --------------  -------------------  ----------------------
/opt/airflow/dags/ml_retrain_pipeline.py                           1           0  0.15s           2025-12-25T08:39:44                      12
================================================================================
[2025-12-25T08:40:10.591+0000] {manager.py:821} INFO - Searching for files in /opt/airflow/dags
[2025-12-25T08:40:10.659+0000] {manager.py:824} INFO - There are 1 files in /opt/airflow/dags
[2025-12-25T08:40:34.351+0000] {manager.py:997} INFO - 
================================================================================
DAG File Processing Stats

File Path                                 PID    Runtime      # DAGs    # Errors  Last Runtime    Last Run               Last # of DB Queries
----------------------------------------  -----  ---------  --------  ----------  --------------  -------------------  ----------------------
/opt/airflow/dags/ml_retrain_pipeline.py                           1           0  0.12s           2025-12-25T08:40:14                      12
================================================================================
[2025-12-25T08:41:04.051+0000] {manager.py:997} INFO - 
================================================================================
DAG File Processing Stats

File Path                                 PID    Runtime      # DAGs    # Errors  Last Runtime    Last Run               Last # of DB Queries
----------------------------------------  -----  ---------  --------  ----------  --------------  -------------------  ----------------------
/opt/airflow/dags/ml_retrain_pipeline.py                           0           1  0.10s           2025-12-25T08:40:38                       3
================================================================================
[2025-12-25T08:41:33.507+0000] {manager.py:997} INFO - 
================================================================================
DAG File Processing Stats

File Path                                 PID    Runtime      # DAGs    # Errors  Last Runtime    Last Run               Last # of DB Queries
----------------------------------------  -----  ---------  --------  ----------  --------------  -------------------  ----------------------
/opt/airflow/dags/ml_retrain_pipeline.py                           0           1  0.10s           2025-12-25T08:41:09                       5
================================================================================
[2025-12-25T08:42:03.073+0000] {manager.py:997} INFO - 
================================================================================
DAG File Processing Stats

File Path                                 PID    Runtime      # DAGs    # Errors  Last Runtime    Last Run               Last # of DB Queries
----------------------------------------  -----  ---------  --------  ----------  --------------  -------------------  ----------------------
/opt/airflow/dags/ml_retrain_pipeline.py                           0           1  0.12s           2025-12-25T08:41:39                       5
================================================================================
[2025-12-25T08:42:32.484+0000] {manager.py:997} INFO - 
================================================================================
DAG File Processing Stats

File Path                                 PID    Runtime      # DAGs    # Errors  Last Runtime    Last Run               Last # of DB Queries
----------------------------------------  -----  ---------  --------  ----------  --------------  -------------------  ----------------------
/opt/airflow/dags/ml_retrain_pipeline.py                           0           1  0.11s           2025-12-25T08:42:10                       5
================================================================================
[2025-12-25T08:43:02.197+0000] {manager.py:997} INFO - 
================================================================================
DAG File Processing Stats

File Path                                 PID    Runtime      # DAGs    # Errors  Last Runtime    Last Run               Last # of DB Queries
----------------------------------------  -----  ---------  --------  ----------  --------------  -------------------  ----------------------
/opt/airflow/dags/ml_retrain_pipeline.py                           0           1  0.11s           2025-12-25T08:42:40                       5
================================================================================
[2025-12-25T08:43:31.998+0000] {manager.py:997} INFO - 
================================================================================
DAG File Processing Stats

File Path                                 PID    Runtime      # DAGs    # Errors  Last Runtime    Last Run               Last # of DB Queries
----------------------------------------  -----  ---------  --------  ----------  --------------  -------------------  ----------------------
/opt/airflow/dags/ml_retrain_pipeline.py                           0           1  0.11s           2025-12-25T08:43:11                       5
================================================================================
[2025-12-25T08:44:01.528+0000] {manager.py:997} INFO - 
================================================================================
DAG File Processing Stats

File Path                                 PID    Runtime      # DAGs    # Errors  Last Runtime    Last Run               Last # of DB Queries
----------------------------------------  -----  ---------  --------  ----------  --------------  -------------------  ----------------------
/opt/airflow/dags/ml_retrain_pipeline.py                           0           1  0.09s           2025-12-25T08:43:42                       5
================================================================================
[2025-12-25T08:44:31.211+0000] {manager.py:997} INFO - 
================================================================================
DAG File Processing Stats

File Path                                 PID    Runtime      # DAGs    # Errors  Last Runtime    Last Run               Last # of DB Queries
----------------------------------------  -----  ---------  --------  ----------  --------------  -------------------  ----------------------
/opt/airflow/dags/ml_retrain_pipeline.py                           0           1  0.12s           2025-12-25T08:44:12                       5
================================================================================
[2025-12-25T08:45:00.723+0000] {manager.py:997} INFO - 
================================================================================
DAG File Processing Stats

File Path                                 PID    Runtime      # DAGs    # Errors  Last Runtime    Last Run               Last # of DB Queries
----------------------------------------  -----  ---------  --------  ----------  --------------  -------------------  ----------------------
/opt/airflow/dags/ml_retrain_pipeline.py                           0           1  0.08s           2025-12-25T08:44:43                       5
================================================================================
[2025-12-25T08:45:11.621+0000] {manager.py:821} INFO - Searching for files in /opt/airflow/dags
[2025-12-25T08:45:11.665+0000] {manager.py:824} INFO - There are 1 files in /opt/airflow/dags
[2025-12-25T08:45:33.098+0000] {manager.py:997} INFO - 
================================================================================
DAG File Processing Stats

File Path                                 PID    Runtime      # DAGs    # Errors  Last Runtime    Last Run               Last # of DB Queries
----------------------------------------  -----  ---------  --------  ----------  --------------  -------------------  ----------------------
/opt/airflow/dags/ml_retrain_pipeline.py                           0           1  0.07s           2025-12-25T08:45:13                       5
================================================================================
[2025-12-25T08:45:59.901+0000] {manager.py:997} INFO - 
================================================================================
DAG File Processing Stats

File Path                                 PID    Runtime      # DAGs    # Errors  Last Runtime    Last Run               Last # of DB Queries
----------------------------------------  -----  ---------  --------  ----------  --------------  -------------------  ----------------------
/opt/airflow/dags/ml_retrain_pipeline.py                           0           1  0.10s           2025-12-25T08:45:44                       5
================================================================================
[2025-12-25T08:46:29.495+0000] {manager.py:997} INFO - 
================================================================================
DAG File Processing Stats

File Path                                 PID    Runtime      # DAGs    # Errors  Last Runtime    Last Run               Last # of DB Queries
----------------------------------------  -----  ---------  --------  ----------  --------------  -------------------  ----------------------
/opt/airflow/dags/ml_retrain_pipeline.py                           0           1  0.11s           2025-12-25T08:46:15                       5
================================================================================
[2025-12-25T08:46:59.160+0000] {manager.py:997} INFO - 
================================================================================
DAG File Processing Stats

File Path                                 PID    Runtime      # DAGs    # Errors  Last Runtime    Last Run               Last # of DB Queries
----------------------------------------  -----  ---------  --------  ----------  --------------  -------------------  ----------------------
/opt/airflow/dags/ml_retrain_pipeline.py                           0           1  0.10s           2025-12-25T08:46:45                       5
================================================================================
[2025-12-25T08:47:28.400+0000] {manager.py:997} INFO - 
================================================================================
DAG File Processing Stats

File Path                                 PID    Runtime      # DAGs    # Errors  Last Runtime    Last Run               Last # of DB Queries
----------------------------------------  -----  ---------  --------  ----------  --------------  -------------------  ----------------------
/opt/airflow/dags/ml_retrain_pipeline.py                           0           1  0.09s           2025-12-25T08:47:16                       5
================================================================================
[2025-12-25T08:47:57.412+0000] {manager.py:997} INFO - 
================================================================================
DAG File Processing Stats

File Path                                 PID    Runtime      # DAGs    # Errors  Last Runtime    Last Run               Last # of DB Queries
----------------------------------------  -----  ---------  --------  ----------  --------------  -------------------  ----------------------
/opt/airflow/dags/ml_retrain_pipeline.py                           0           1  0.06s           2025-12-25T08:47:47                       5
================================================================================
[2025-12-25T08:48:27.812+0000] {manager.py:997} INFO - 
================================================================================
DAG File Processing Stats

File Path                                 PID    Runtime      # DAGs    # Errors  Last Runtime    Last Run               Last # of DB Queries
----------------------------------------  -----  ---------  --------  ----------  --------------  -------------------  ----------------------
/opt/airflow/dags/ml_retrain_pipeline.py                           0           1  0.08s           2025-12-25T08:48:18                       5
================================================================================
[2025-12-25T08:48:56.923+0000] {manager.py:997} INFO - 
================================================================================
DAG File Processing Stats

File Path                                 PID    Runtime      # DAGs    # Errors  Last Runtime    Last Run               Last # of DB Queries
----------------------------------------  -----  ---------  --------  ----------  --------------  -------------------  ----------------------
/opt/airflow/dags/ml_retrain_pipeline.py                           0           1  0.11s           2025-12-25T08:48:48                       5
================================================================================
[2025-12-25T08:49:26.830+0000] {manager.py:997} INFO - 
================================================================================
DAG File Processing Stats

File Path                                 PID    Runtime      # DAGs    # Errors  Last Runtime    Last Run               Last # of DB Queries
----------------------------------------  -----  ---------  --------  ----------  --------------  -------------------  ----------------------
/opt/airflow/dags/ml_retrain_pipeline.py                           0           1  0.11s           2025-12-25T08:49:18                       5
================================================================================
[2025-12-25T08:49:56.291+0000] {manager.py:997} INFO - 
================================================================================
DAG File Processing Stats

File Path                                 PID    Runtime      # DAGs    # Errors  Last Runtime    Last Run               Last # of DB Queries
----------------------------------------  -----  ---------  --------  ----------  --------------  -------------------  ----------------------
/opt/airflow/dags/ml_retrain_pipeline.py                           0           1  0.11s           2025-12-25T08:49:49                       5
================================================================================
[2025-12-25T08:50:12.592+0000] {manager.py:821} INFO - Searching for files in /opt/airflow/dags
[2025-12-25T08:50:12.669+0000] {manager.py:824} INFO - There are 1 files in /opt/airflow/dags
[2025-12-25T08:50:25.911+0000] {manager.py:997} INFO - 
================================================================================
DAG File Processing Stats

File Path                                 PID    Runtime      # DAGs    # Errors  Last Runtime    Last Run               Last # of DB Queries
----------------------------------------  -----  ---------  --------  ----------  --------------  -------------------  ----------------------
/opt/airflow/dags/ml_retrain_pipeline.py                           0           1  0.09s           2025-12-25T08:50:19                       5
================================================================================
[2025-12-25T08:50:55.518+0000] {manager.py:997} INFO - 
================================================================================
DAG File Processing Stats

File Path                                 PID    Runtime      # DAGs    # Errors  Last Runtime    Last Run               Last # of DB Queries
----------------------------------------  -----  ---------  --------  ----------  --------------  -------------------  ----------------------
/opt/airflow/dags/ml_retrain_pipeline.py                           0           1  0.09s           2025-12-25T08:50:50                       5
================================================================================
[2025-12-25T08:51:24.977+0000] {manager.py:997} INFO - 
================================================================================
DAG File Processing Stats

File Path                                 PID    Runtime      # DAGs    # Errors  Last Runtime    Last Run               Last # of DB Queries
----------------------------------------  -----  ---------  --------  ----------  --------------  -------------------  ----------------------
/opt/airflow/dags/ml_retrain_pipeline.py                           0           1  0.09s           2025-12-25T08:51:20                       5
================================================================================
[2025-12-25T08:51:54.734+0000] {manager.py:997} INFO - 
================================================================================
DAG File Processing Stats

File Path                                 PID    Runtime      # DAGs    # Errors  Last Runtime    Last Run               Last # of DB Queries
----------------------------------------  -----  ---------  --------  ----------  --------------  -------------------  ----------------------
/opt/airflow/dags/ml_retrain_pipeline.py                           0           1  0.09s           2025-12-25T08:51:50                       5
================================================================================
[2025-12-25T08:52:24.111+0000] {manager.py:997} INFO - 
================================================================================
DAG File Processing Stats

File Path                                 PID    Runtime      # DAGs    # Errors  Last Runtime    Last Run               Last # of DB Queries
----------------------------------------  -----  ---------  --------  ----------  --------------  -------------------  ----------------------
/opt/airflow/dags/ml_retrain_pipeline.py                           0           1  0.09s           2025-12-25T08:52:21                       5
================================================================================
[2025-12-25T08:52:53.695+0000] {manager.py:997} INFO - 
================================================================================
DAG File Processing Stats

File Path                                 PID    Runtime      # DAGs    # Errors  Last Runtime    Last Run               Last # of DB Queries
----------------------------------------  -----  ---------  --------  ----------  --------------  -------------------  ----------------------
/opt/airflow/dags/ml_retrain_pipeline.py                           0           1  0.13s           2025-12-25T08:52:51                       5
================================================================================
[2025-12-25T08:53:23.365+0000] {manager.py:997} INFO - 
================================================================================
DAG File Processing Stats

File Path                                 PID    Runtime      # DAGs    # Errors  Last Runtime    Last Run               Last # of DB Queries
----------------------------------------  -----  ---------  --------  ----------  --------------  -------------------  ----------------------
/opt/airflow/dags/ml_retrain_pipeline.py                           0           1  0.09s           2025-12-25T08:53:22                       5
================================================================================
[2025-12-25T08:53:52.842+0000] {manager.py:997} INFO - 
================================================================================
DAG File Processing Stats

File Path                                   PID  Runtime      # DAGs    # Errors  Last Runtime    Last Run               Last # of DB Queries
----------------------------------------  -----  ---------  --------  ----------  --------------  -------------------  ----------------------
/opt/airflow/dags/ml_retrain_pipeline.py    884  0.00s             0           1  0.09s           2025-12-25T08:53:22                       5
================================================================================
[2025-12-25T08:54:22.311+0000] {manager.py:997} INFO - 
================================================================================
DAG File Processing Stats

File Path                                 PID    Runtime      # DAGs    # Errors  Last Runtime    Last Run               Last # of DB Queries
----------------------------------------  -----  ---------  --------  ----------  --------------  -------------------  ----------------------
/opt/airflow/dags/ml_retrain_pipeline.py                           0           1  0.10s           2025-12-25T08:53:52                       5
================================================================================
[2025-12-25T08:54:51.804+0000] {manager.py:997} INFO - 
================================================================================
DAG File Processing Stats

File Path                                 PID    Runtime      # DAGs    # Errors  Last Runtime    Last Run               Last # of DB Queries
----------------------------------------  -----  ---------  --------  ----------  --------------  -------------------  ----------------------
/opt/airflow/dags/ml_retrain_pipeline.py                           0           1  0.09s           2025-12-25T08:54:23                       5
================================================================================
[2025-12-25T08:55:13.233+0000] {manager.py:821} INFO - Searching for files in /opt/airflow/dags
[2025-12-25T08:55:13.273+0000] {manager.py:824} INFO - There are 1 files in /opt/airflow/dags
[2025-12-25T08:55:21.435+0000] {manager.py:997} INFO - 
================================================================================
DAG File Processing Stats

File Path                                 PID    Runtime      # DAGs    # Errors  Last Runtime    Last Run               Last # of DB Queries
----------------------------------------  -----  ---------  --------  ----------  --------------  -------------------  ----------------------
/opt/airflow/dags/ml_retrain_pipeline.py                           0           1  0.08s           2025-12-25T08:54:53                       5
================================================================================
[2025-12-25T08:55:51.077+0000] {manager.py:997} INFO - 
================================================================================
DAG File Processing Stats

File Path                                 PID    Runtime      # DAGs    # Errors  Last Runtime    Last Run               Last # of DB Queries
----------------------------------------  -----  ---------  --------  ----------  --------------  -------------------  ----------------------
/opt/airflow/dags/ml_retrain_pipeline.py                           0           1  0.09s           2025-12-25T08:55:24                       5
================================================================================
[2025-12-25T08:56:20.700+0000] {manager.py:997} INFO - 
================================================================================
DAG File Processing Stats

File Path                                 PID    Runtime      # DAGs    # Errors  Last Runtime    Last Run               Last # of DB Queries
----------------------------------------  -----  ---------  --------  ----------  --------------  -------------------  ----------------------
/opt/airflow/dags/ml_retrain_pipeline.py                           0           1  0.10s           2025-12-25T08:55:55                       5
================================================================================
[2025-12-25T08:56:49.917+0000] {manager.py:997} INFO - 
================================================================================
DAG File Processing Stats

File Path                                 PID    Runtime      # DAGs    # Errors  Last Runtime    Last Run               Last # of DB Queries
----------------------------------------  -----  ---------  --------  ----------  --------------  -------------------  ----------------------
/opt/airflow/dags/ml_retrain_pipeline.py                           0           1  0.05s           2025-12-25T08:56:25                       5
================================================================================
[2025-12-25T08:57:19.563+0000] {manager.py:997} INFO - 
================================================================================
DAG File Processing Stats

File Path                                 PID    Runtime      # DAGs    # Errors  Last Runtime    Last Run               Last # of DB Queries
----------------------------------------  -----  ---------  --------  ----------  --------------  -------------------  ----------------------
/opt/airflow/dags/ml_retrain_pipeline.py                           0           1  0.08s           2025-12-25T08:56:56                       5
================================================================================
[2025-12-25T08:57:49.072+0000] {manager.py:997} INFO - 
================================================================================
DAG File Processing Stats

File Path                                 PID    Runtime      # DAGs    # Errors  Last Runtime    Last Run               Last # of DB Queries
----------------------------------------  -----  ---------  --------  ----------  --------------  -------------------  ----------------------
/opt/airflow/dags/ml_retrain_pipeline.py                           0           1  0.08s           2025-12-25T08:57:26                       5
================================================================================
[2025-12-25T08:58:18.498+0000] {manager.py:997} INFO - 
================================================================================
DAG File Processing Stats

File Path                                 PID    Runtime      # DAGs    # Errors  Last Runtime    Last Run               Last # of DB Queries
----------------------------------------  -----  ---------  --------  ----------  --------------  -------------------  ----------------------
/opt/airflow/dags/ml_retrain_pipeline.py                           0           1  0.08s           2025-12-25T08:57:57                       5
================================================================================
[2025-12-25T08:58:48.163+0000] {manager.py:997} INFO - 
================================================================================
DAG File Processing Stats

File Path                                 PID    Runtime      # DAGs    # Errors  Last Runtime    Last Run               Last # of DB Queries
----------------------------------------  -----  ---------  --------  ----------  --------------  -------------------  ----------------------
/opt/airflow/dags/ml_retrain_pipeline.py                           1           0  0.14s           2025-12-25T08:58:21                      11
================================================================================
[2025-12-25T08:59:17.420+0000] {manager.py:997} INFO - 
================================================================================
DAG File Processing Stats

File Path                                 PID    Runtime      # DAGs    # Errors  Last Runtime    Last Run               Last # of DB Queries
----------------------------------------  -----  ---------  --------  ----------  --------------  -------------------  ----------------------
/opt/airflow/dags/ml_retrain_pipeline.py                           1           0  0.21s           2025-12-25T08:58:52                      12
================================================================================
[2025-12-25T08:59:47.277+0000] {manager.py:997} INFO - 
================================================================================
DAG File Processing Stats

File Path                                 PID    Runtime      # DAGs    # Errors  Last Runtime    Last Run               Last # of DB Queries
----------------------------------------  -----  ---------  --------  ----------  --------------  -------------------  ----------------------
/opt/airflow/dags/ml_retrain_pipeline.py                           1           0  0.13s           2025-12-25T08:59:22                      12
================================================================================
[2025-12-25T09:00:13.637+0000] {manager.py:821} INFO - Searching for files in /opt/airflow/dags
[2025-12-25T09:00:13.679+0000] {manager.py:824} INFO - There are 1 files in /opt/airflow/dags
[2025-12-25T09:00:16.744+0000] {manager.py:997} INFO - 
================================================================================
DAG File Processing Stats

File Path                                 PID    Runtime      # DAGs    # Errors  Last Runtime    Last Run               Last # of DB Queries
----------------------------------------  -----  ---------  --------  ----------  --------------  -------------------  ----------------------
/opt/airflow/dags/ml_retrain_pipeline.py                           1           0  0.14s           2025-12-25T08:59:53                      12
================================================================================
[2025-12-25T09:00:46.350+0000] {manager.py:997} INFO - 
================================================================================
DAG File Processing Stats

File Path                                 PID    Runtime      # DAGs    # Errors  Last Runtime    Last Run               Last # of DB Queries
----------------------------------------  -----  ---------  --------  ----------  --------------  -------------------  ----------------------
/opt/airflow/dags/ml_retrain_pipeline.py                           1           0  0.12s           2025-12-25T09:00:24                      12
================================================================================
[2025-12-25T09:01:16.021+0000] {manager.py:997} INFO - 
================================================================================
DAG File Processing Stats

File Path                                 PID    Runtime      # DAGs    # Errors  Last Runtime    Last Run               Last # of DB Queries
----------------------------------------  -----  ---------  --------  ----------  --------------  -------------------  ----------------------
/opt/airflow/dags/ml_retrain_pipeline.py                           1           0  0.26s           2025-12-25T09:00:56                      12
================================================================================
[2025-12-25T09:01:45.537+0000] {manager.py:997} INFO - 
================================================================================
DAG File Processing Stats

File Path                                 PID    Runtime      # DAGs    # Errors  Last Runtime    Last Run               Last # of DB Queries
----------------------------------------  -----  ---------  --------  ----------  --------------  -------------------  ----------------------
/opt/airflow/dags/ml_retrain_pipeline.py                           1           0  0.15s           2025-12-25T09:01:27                      12
================================================================================
[2025-12-25T09:02:15.238+0000] {manager.py:997} INFO - 
================================================================================
DAG File Processing Stats

File Path                                 PID    Runtime      # DAGs    # Errors  Last Runtime    Last Run               Last # of DB Queries
----------------------------------------  -----  ---------  --------  ----------  --------------  -------------------  ----------------------
/opt/airflow/dags/ml_retrain_pipeline.py                           1           0  0.11s           2025-12-25T09:01:57                      12
================================================================================
[2025-12-25T09:02:44.894+0000] {manager.py:997} INFO - 
================================================================================
DAG File Processing Stats

File Path                                 PID    Runtime      # DAGs    # Errors  Last Runtime    Last Run               Last # of DB Queries
----------------------------------------  -----  ---------  --------  ----------  --------------  -------------------  ----------------------
/opt/airflow/dags/ml_retrain_pipeline.py                           1           0  0.24s           2025-12-25T09:02:28                      12
================================================================================
[2025-12-25T09:03:14.321+0000] {manager.py:997} INFO - 
================================================================================
DAG File Processing Stats

File Path                                 PID    Runtime      # DAGs    # Errors  Last Runtime    Last Run               Last # of DB Queries
----------------------------------------  -----  ---------  --------  ----------  --------------  -------------------  ----------------------
/opt/airflow/dags/ml_retrain_pipeline.py                           1           0  0.22s           2025-12-25T09:02:59                      12
================================================================================
