[2025-12-25T08:59:16.543+0000] {local_task_job_runner.py:123} INFO - ::group::Pre task execution logs
[2025-12-25T08:59:16.554+0000] {taskinstance.py:2613} INFO - Dependencies all met for dep_context=non-requeueable deps ti=<TaskInstance: ml_retrain_pipeline.notify_success manual__2025-12-25T08:59:11.328689+00:00 [queued]>
[2025-12-25T08:59:16.560+0000] {taskinstance.py:2613} INFO - Dependencies all met for dep_context=requeueable deps ti=<TaskInstance: ml_retrain_pipeline.notify_success manual__2025-12-25T08:59:11.328689+00:00 [queued]>
[2025-12-25T08:59:16.561+0000] {taskinstance.py:2866} INFO - Starting attempt 1 of 1
[2025-12-25T08:59:16.570+0000] {taskinstance.py:2889} INFO - Executing <Task(PythonOperator): notify_success> on 2025-12-25 08:59:11.328689+00:00
[2025-12-25T08:59:16.576+0000] {logging_mixin.py:190} WARNING - /home/***/.local/lib/python3.12/site-packages/***/task/task_runner/standard_task_runner.py:70 DeprecationWarning: This process (pid=971) is multi-threaded, use of fork() may lead to deadlocks in the child.
[2025-12-25T08:59:16.577+0000] {standard_task_runner.py:72} INFO - Started process 972 to run task
[2025-12-25T08:59:16.576+0000] {standard_task_runner.py:104} INFO - Running: ['***', 'tasks', 'run', 'ml_retrain_pipeline', 'notify_success', 'manual__2025-12-25T08:59:11.328689+00:00', '--job-id', '52', '--raw', '--subdir', 'DAGS_FOLDER/ml_retrain_pipeline.py', '--cfg-path', '/tmp/tmpsom74iba']
[2025-12-25T08:59:16.578+0000] {standard_task_runner.py:105} INFO - Job 52: Subtask notify_success
[2025-12-25T08:59:16.622+0000] {task_command.py:467} INFO - Running <TaskInstance: ml_retrain_pipeline.notify_success manual__2025-12-25T08:59:11.328689+00:00 [running]> on host 12781419c9db
[2025-12-25T08:59:16.680+0000] {taskinstance.py:3132} INFO - Exporting env vars: AIRFLOW_CTX_DAG_OWNER='***' AIRFLOW_CTX_DAG_ID='ml_retrain_pipeline' AIRFLOW_CTX_TASK_ID='notify_success' AIRFLOW_CTX_EXECUTION_DATE='2025-12-25T08:59:11.328689+00:00' AIRFLOW_CTX_TRY_NUMBER='1' AIRFLOW_CTX_DAG_RUN_ID='manual__2025-12-25T08:59:11.328689+00:00'
[2025-12-25T08:59:16.681+0000] {taskinstance.py:731} INFO - ::endgroup::
[2025-12-25T08:59:16.703+0000] {logging_mixin.py:190} INFO - TG_TOKEN/TG_CHAT не заданы, печатаю сообщение в лог:
Новая модель в продакшене: v1.0.0
metric=0.9 threshold=0.8
deploy_status=success
[2025-12-25T08:59:16.704+0000] {python.py:240} INFO - Done. Returned value was: None
[2025-12-25T08:59:16.710+0000] {taskinstance.py:340} INFO - ::group::Post task execution logs
[2025-12-25T08:59:16.711+0000] {taskinstance.py:352} INFO - Marking task as SUCCESS. dag_id=ml_retrain_pipeline, task_id=notify_success, run_id=manual__2025-12-25T08:59:11.328689+00:00, execution_date=20251225T085911, start_date=20251225T085916, end_date=20251225T085916
[2025-12-25T08:59:16.755+0000] {local_task_job_runner.py:266} INFO - Task exited with return code 0
[2025-12-25T08:59:16.769+0000] {taskinstance.py:3895} INFO - 0 downstream tasks scheduled from follow-on schedule check
[2025-12-25T08:59:16.773+0000] {local_task_job_runner.py:245} INFO - ::endgroup::
